{"/home/enionsouza/02-Estudo/JavaScript/TODO-List/src/allow-newline.js": {"path":"/home/enionsouza/02-Estudo/JavaScript/TODO-List/src/allow-newline.js","statementMap":{"0":{"start":{"line":2,"column":2},"end":{"line":4,"column":3}},"1":{"start":{"line":3,"column":4},"end":{"line":3,"column":39}},"2":{"start":{"line":5,"column":2},"end":{"line":5,"column":13}}},"fnMap":{"0":{"name":"(anonymous_0)","decl":{"start":{"line":1,"column":15},"end":{"line":1,"column":16}},"loc":{"start":{"line":1,"column":24},"end":{"line":6,"column":1}},"line":1}},"branchMap":{"0":{"loc":{"start":{"line":2,"column":2},"end":{"line":4,"column":3}},"type":"if","locations":[{"start":{"line":2,"column":2},"end":{"line":4,"column":3}},{"start":{"line":2,"column":2},"end":{"line":4,"column":3}}],"line":2}},"s":{"0":0,"1":0,"2":0},"f":{"0":0},"b":{"0":[0,0]},"_coverageSchema":"1a1c01bbd47fc00a2c39e90264f33305004495a9","hash":"97cbc42b541fafb318ed75e0f10dd49e7f0e503c"}
,"/home/enionsouza/02-Estudo/JavaScript/TODO-List/src/task.js": {"path":"/home/enionsouza/02-Estudo/JavaScript/TODO-List/src/task.js","statementMap":{"0":{"start":{"line":3,"column":4},"end":{"line":3,"column":35}},"1":{"start":{"line":4,"column":4},"end":{"line":4,"column":23}},"2":{"start":{"line":5,"column":4},"end":{"line":5,"column":31}}},"fnMap":{"0":{"name":"(anonymous_0)","decl":{"start":{"line":2,"column":2},"end":{"line":2,"column":3}},"loc":{"start":{"line":2,"column":57},"end":{"line":6,"column":3}},"line":2}},"branchMap":{"0":{"loc":{"start":{"line":2,"column":27},"end":{"line":2,"column":36}},"type":"default-arg","locations":[{"start":{"line":2,"column":35},"end":{"line":2,"column":36}}],"line":2},"1":{"loc":{"start":{"line":2,"column":38},"end":{"line":2,"column":55}},"type":"default-arg","locations":[{"start":{"line":2,"column":50},"end":{"line":2,"column":55}}],"line":2}},"s":{"0":1,"1":1,"2":1},"f":{"0":1},"b":{"0":[0],"1":[1]},"_coverageSchema":"1a1c01bbd47fc00a2c39e90264f33305004495a9","hash":"32c48463993500c712b11e1a5cd2a16f38be2c7e"}
,"/home/enionsouza/02-Estudo/JavaScript/TODO-List/src/todo.js": {"path":"/home/enionsouza/02-Estudo/JavaScript/TODO-List/src/todo.js","statementMap":{"0":{"start":{"line":6,"column":4},"end":{"line":6,"column":74}},"1":{"start":{"line":10,"column":21},"end":{"line":10,"column":56}},"2":{"start":{"line":11,"column":4},"end":{"line":17,"column":5}},"3":{"start":{"line":12,"column":6},"end":{"line":12,"column":53}},"4":{"start":{"line":12,"column":24},"end":{"line":12,"column":53}},"5":{"start":{"line":13,"column":6},"end":{"line":13,"column":26}},"6":{"start":{"line":14,"column":6},"end":{"line":14,"column":64}},"7":{"start":{"line":15,"column":6},"end":{"line":15,"column":32}},"8":{"start":{"line":16,"column":6},"end":{"line":16,"column":24}},"9":{"start":{"line":21,"column":12},"end":{"line":21,"column":13}},"10":{"start":{"line":22,"column":4},"end":{"line":25,"column":7}},"11":{"start":{"line":23,"column":6},"end":{"line":23,"column":21}},"12":{"start":{"line":24,"column":6},"end":{"line":24,"column":13}},"13":{"start":{"line":26,"column":4},"end":{"line":26,"column":30}},"14":{"start":{"line":27,"column":4},"end":{"line":27,"column":22}},"15":{"start":{"line":31,"column":4},"end":{"line":31,"column":32}},"16":{"start":{"line":32,"column":4},"end":{"line":32,"column":25}},"17":{"start":{"line":36,"column":4},"end":{"line":36,"column":62}},"18":{"start":{"line":36,"column":45},"end":{"line":36,"column":60}},"19":{"start":{"line":37,"column":4},"end":{"line":37,"column":25}},"20":{"start":{"line":41,"column":4},"end":{"line":41,"column":52}},"21":{"start":{"line":45,"column":17},"end":{"line":45,"column":51}},"22":{"start":{"line":46,"column":4},"end":{"line":46,"column":24}},"23":{"start":{"line":47,"column":4},"end":{"line":56,"column":7}},"24":{"start":{"line":48,"column":6},"end":{"line":55,"column":8}},"25":{"start":{"line":57,"column":4},"end":{"line":63,"column":5}},"26":{"start":{"line":58,"column":6},"end":{"line":62,"column":8}},"27":{"start":{"line":64,"column":4},"end":{"line":64,"column":29}},"28":{"start":{"line":68,"column":16},"end":{"line":68,"column":20}},"29":{"start":{"line":71,"column":20},"end":{"line":71,"column":59}},"30":{"start":{"line":72,"column":6},"end":{"line":72,"column":63}},"31":{"start":{"line":73,"column":6},"end":{"line":73,"column":89}},"32":{"start":{"line":74,"column":6},"end":{"line":74,"column":31}},"33":{"start":{"line":78,"column":6},"end":{"line":78,"column":43}},"34":{"start":{"line":79,"column":6},"end":{"line":79,"column":52}},"35":{"start":{"line":80,"column":6},"end":{"line":80,"column":52}},"36":{"start":{"line":84,"column":6},"end":{"line":84,"column":28}},"37":{"start":{"line":85,"column":6},"end":{"line":87,"column":9}},"38":{"start":{"line":86,"column":8},"end":{"line":86,"column":39}},"39":{"start":{"line":88,"column":6},"end":{"line":90,"column":9}},"40":{"start":{"line":89,"column":8},"end":{"line":89,"column":42}},"41":{"start":{"line":95,"column":6},"end":{"line":95,"column":29}},"42":{"start":{"line":96,"column":19},"end":{"line":96,"column":53}},"43":{"start":{"line":97,"column":28},"end":{"line":97,"column":49}},"44":{"start":{"line":99,"column":20},"end":{"line":99,"column":21}},"45":{"start":{"line":100,"column":6},"end":{"line":103,"column":7}},"46":{"start":{"line":101,"column":8},"end":{"line":101,"column":75}},"47":{"start":{"line":101,"column":56},"end":{"line":101,"column":75}},"48":{"start":{"line":102,"column":8},"end":{"line":102,"column":21}},"49":{"start":{"line":104,"column":24},"end":{"line":104,"column":61}},"50":{"start":{"line":105,"column":6},"end":{"line":105,"column":47}},"51":{"start":{"line":106,"column":6},"end":{"line":106,"column":26}},"52":{"start":{"line":111,"column":19},"end":{"line":111,"column":53}},"53":{"start":{"line":112,"column":25},"end":{"line":112,"column":94}},"54":{"start":{"line":113,"column":6},"end":{"line":118,"column":56}},"55":{"start":{"line":114,"column":20},"end":{"line":114,"column":53}},"56":{"start":{"line":115,"column":23},"end":{"line":115,"column":53}},"57":{"start":{"line":116,"column":8},"end":{"line":116,"column":90}},"58":{"start":{"line":116,"column":51},"end":{"line":116,"column":90}},"59":{"start":{"line":117,"column":8},"end":{"line":117,"column":23}},"60":{"start":{"line":121,"column":4},"end":{"line":149,"column":7}},"61":{"start":{"line":123,"column":23},"end":{"line":123,"column":80}},"62":{"start":{"line":124,"column":6},"end":{"line":124,"column":59}},"63":{"start":{"line":125,"column":6},"end":{"line":125,"column":40}},"64":{"start":{"line":128,"column":26},"end":{"line":128,"column":83}},"65":{"start":{"line":129,"column":6},"end":{"line":131,"column":9}},"66":{"start":{"line":130,"column":8},"end":{"line":130,"column":47}},"67":{"start":{"line":132,"column":6},"end":{"line":138,"column":9}},"68":{"start":{"line":133,"column":8},"end":{"line":137,"column":16}},"69":{"start":{"line":134,"column":10},"end":{"line":134,"column":52}},"70":{"start":{"line":135,"column":10},"end":{"line":135,"column":65}},"71":{"start":{"line":136,"column":10},"end":{"line":136,"column":35}},"72":{"start":{"line":141,"column":21},"end":{"line":141,"column":78}},"73":{"start":{"line":142,"column":6},"end":{"line":142,"column":73}},"74":{"start":{"line":142,"column":45},"end":{"line":142,"column":71}},"75":{"start":{"line":145,"column":22},"end":{"line":145,"column":79}},"76":{"start":{"line":146,"column":23},"end":{"line":146,"column":68}},"77":{"start":{"line":147,"column":6},"end":{"line":147,"column":70}},"78":{"start":{"line":147,"column":50},"end":{"line":147,"column":68}},"79":{"start":{"line":148,"column":6},"end":{"line":148,"column":69}},"80":{"start":{"line":148,"column":49},"end":{"line":148,"column":67}},"81":{"start":{"line":152,"column":24},"end":{"line":152,"column":66}},"82":{"start":{"line":153,"column":4},"end":{"line":153,"column":67}},"83":{"start":{"line":153,"column":48},"end":{"line":153,"column":65}},"84":{"start":{"line":156,"column":17},"end":{"line":156,"column":51}},"85":{"start":{"line":157,"column":4},"end":{"line":166,"column":7}},"86":{"start":{"line":158,"column":6},"end":{"line":158,"column":25}},"87":{"start":{"line":159,"column":24},"end":{"line":159,"column":43}},"88":{"start":{"line":160,"column":25},"end":{"line":160,"column":60}},"89":{"start":{"line":161,"column":6},"end":{"line":165,"column":7}},"90":{"start":{"line":162,"column":8},"end":{"line":162,"column":49}},"91":{"start":{"line":164,"column":8},"end":{"line":164,"column":82}}},"fnMap":{"0":{"name":"(anonymous_0)","decl":{"start":{"line":5,"column":2},"end":{"line":5,"column":3}},"loc":{"start":{"line":5,"column":16},"end":{"line":7,"column":3}},"line":5},"1":{"name":"(anonymous_1)","decl":{"start":{"line":9,"column":2},"end":{"line":9,"column":3}},"loc":{"start":{"line":9,"column":28},"end":{"line":18,"column":3}},"line":9},"2":{"name":"(anonymous_2)","decl":{"start":{"line":20,"column":2},"end":{"line":20,"column":3}},"loc":{"start":{"line":20,"column":18},"end":{"line":28,"column":3}},"line":20},"3":{"name":"(anonymous_3)","decl":{"start":{"line":22,"column":23},"end":{"line":22,"column":24}},"loc":{"start":{"line":22,"column":33},"end":{"line":25,"column":5}},"line":22},"4":{"name":"(anonymous_4)","decl":{"start":{"line":30,"column":2},"end":{"line":30,"column":3}},"loc":{"start":{"line":30,"column":20},"end":{"line":33,"column":3}},"line":30},"5":{"name":"(anonymous_5)","decl":{"start":{"line":35,"column":2},"end":{"line":35,"column":3}},"loc":{"start":{"line":35,"column":16},"end":{"line":38,"column":3}},"line":35},"6":{"name":"(anonymous_6)","decl":{"start":{"line":36,"column":35},"end":{"line":36,"column":36}},"loc":{"start":{"line":36,"column":45},"end":{"line":36,"column":60}},"line":36},"7":{"name":"(anonymous_7)","decl":{"start":{"line":40,"column":2},"end":{"line":40,"column":3}},"loc":{"start":{"line":40,"column":23},"end":{"line":42,"column":3}},"line":40},"8":{"name":"(anonymous_8)","decl":{"start":{"line":44,"column":2},"end":{"line":44,"column":3}},"loc":{"start":{"line":44,"column":15},"end":{"line":65,"column":3}},"line":44},"9":{"name":"(anonymous_9)","decl":{"start":{"line":47,"column":23},"end":{"line":47,"column":24}},"loc":{"start":{"line":47,"column":33},"end":{"line":56,"column":5}},"line":47},"10":{"name":"(anonymous_10)","decl":{"start":{"line":67,"column":2},"end":{"line":67,"column":3}},"loc":{"start":{"line":67,"column":22},"end":{"line":167,"column":3}},"line":67},"11":{"name":"toggleCompleted","decl":{"start":{"line":70,"column":13},"end":{"line":70,"column":28}},"loc":{"start":{"line":70,"column":32},"end":{"line":75,"column":5}},"line":70},"12":{"name":"toggleEditMode","decl":{"start":{"line":77,"column":13},"end":{"line":77,"column":27}},"loc":{"start":{"line":77,"column":36},"end":{"line":81,"column":5}},"line":77},"13":{"name":"dragTask","decl":{"start":{"line":83,"column":13},"end":{"line":83,"column":21}},"loc":{"start":{"line":83,"column":28},"end":{"line":91,"column":5}},"line":83},"14":{"name":"(anonymous_14)","decl":{"start":{"line":85,"column":41},"end":{"line":85,"column":42}},"loc":{"start":{"line":85,"column":47},"end":{"line":87,"column":7}},"line":85},"15":{"name":"(anonymous_15)","decl":{"start":{"line":88,"column":39},"end":{"line":88,"column":40}},"loc":{"start":{"line":88,"column":45},"end":{"line":90,"column":7}},"line":88},"16":{"name":"dropTask","decl":{"start":{"line":94,"column":13},"end":{"line":94,"column":21}},"loc":{"start":{"line":94,"column":28},"end":{"line":107,"column":5}},"line":94},"17":{"name":"moveTask","decl":{"start":{"line":110,"column":13},"end":{"line":110,"column":21}},"loc":{"start":{"line":110,"column":25},"end":{"line":119,"column":5}},"line":110},"18":{"name":"(anonymous_18)","decl":{"start":{"line":113,"column":31},"end":{"line":113,"column":32}},"loc":{"start":{"line":113,"column":55},"end":{"line":118,"column":7}},"line":113},"19":{"name":"(anonymous_19)","decl":{"start":{"line":121,"column":23},"end":{"line":121,"column":24}},"loc":{"start":{"line":121,"column":33},"end":{"line":149,"column":5}},"line":121},"20":{"name":"(anonymous_20)","decl":{"start":{"line":129,"column":44},"end":{"line":129,"column":45}},"loc":{"start":{"line":129,"column":51},"end":{"line":131,"column":7}},"line":129},"21":{"name":"(anonymous_21)","decl":{"start":{"line":132,"column":43},"end":{"line":132,"column":44}},"loc":{"start":{"line":132,"column":49},"end":{"line":138,"column":7}},"line":132},"22":{"name":"(anonymous_22)","decl":{"start":{"line":133,"column":19},"end":{"line":133,"column":20}},"loc":{"start":{"line":133,"column":25},"end":{"line":137,"column":9}},"line":133},"23":{"name":"(anonymous_23)","decl":{"start":{"line":142,"column":39},"end":{"line":142,"column":40}},"loc":{"start":{"line":142,"column":45},"end":{"line":142,"column":71}},"line":142},"24":{"name":"(anonymous_24)","decl":{"start":{"line":147,"column":44},"end":{"line":147,"column":45}},"loc":{"start":{"line":147,"column":50},"end":{"line":147,"column":68}},"line":147},"25":{"name":"(anonymous_25)","decl":{"start":{"line":148,"column":43},"end":{"line":148,"column":44}},"loc":{"start":{"line":148,"column":49},"end":{"line":148,"column":67}},"line":148},"26":{"name":"(anonymous_26)","decl":{"start":{"line":153,"column":42},"end":{"line":153,"column":43}},"loc":{"start":{"line":153,"column":48},"end":{"line":153,"column":65}},"line":153},"27":{"name":"(anonymous_27)","decl":{"start":{"line":157,"column":38},"end":{"line":157,"column":39}},"loc":{"start":{"line":157,"column":45},"end":{"line":166,"column":5}},"line":157}},"branchMap":{"0":{"loc":{"start":{"line":6,"column":17},"end":{"line":6,"column":73}},"type":"cond-expr","locations":[{"start":{"line":6,"column":38},"end":{"line":6,"column":68}},{"start":{"line":6,"column":71},"end":{"line":6,"column":73}}],"line":6},"1":{"loc":{"start":{"line":9,"column":10},"end":{"line":9,"column":26}},"type":"default-arg","locations":[{"start":{"line":9,"column":24},"end":{"line":9,"column":26}}],"line":9},"2":{"loc":{"start":{"line":11,"column":4},"end":{"line":17,"column":5}},"type":"if","locations":[{"start":{"line":11,"column":4},"end":{"line":17,"column":5}},{"start":{"line":11,"column":4},"end":{"line":17,"column":5}}],"line":11},"3":{"loc":{"start":{"line":11,"column":8},"end":{"line":11,"column":37}},"type":"binary-expr","locations":[{"start":{"line":11,"column":8},"end":{"line":11,"column":19}},{"start":{"line":11,"column":23},"end":{"line":11,"column":37}}],"line":11},"4":{"loc":{"start":{"line":12,"column":6},"end":{"line":12,"column":53}},"type":"if","locations":[{"start":{"line":12,"column":6},"end":{"line":12,"column":53}},{"start":{"line":12,"column":6},"end":{"line":12,"column":53}}],"line":12},"5":{"loc":{"start":{"line":51,"column":35},"end":{"line":51,"column":69}},"type":"cond-expr","locations":[{"start":{"line":51,"column":52},"end":{"line":51,"column":64}},{"start":{"line":51,"column":67},"end":{"line":51,"column":69}}],"line":51},"6":{"loc":{"start":{"line":57,"column":4},"end":{"line":63,"column":5}},"type":"if","locations":[{"start":{"line":57,"column":4},"end":{"line":63,"column":5}},{"start":{"line":57,"column":4},"end":{"line":63,"column":5}}],"line":57},"7":{"loc":{"start":{"line":101,"column":8},"end":{"line":101,"column":75}},"type":"if","locations":[{"start":{"line":101,"column":8},"end":{"line":101,"column":75}},{"start":{"line":101,"column":8},"end":{"line":101,"column":75}}],"line":101},"8":{"loc":{"start":{"line":116,"column":8},"end":{"line":116,"column":90}},"type":"if","locations":[{"start":{"line":116,"column":8},"end":{"line":116,"column":90}},{"start":{"line":116,"column":8},"end":{"line":116,"column":90}}],"line":116},"9":{"loc":{"start":{"line":116,"column":12},"end":{"line":116,"column":49}},"type":"binary-expr","locations":[{"start":{"line":116,"column":12},"end":{"line":116,"column":22}},{"start":{"line":116,"column":26},"end":{"line":116,"column":49}}],"line":116},"10":{"loc":{"start":{"line":161,"column":6},"end":{"line":165,"column":7}},"type":"if","locations":[{"start":{"line":161,"column":6},"end":{"line":165,"column":7}},{"start":{"line":161,"column":6},"end":{"line":165,"column":7}}],"line":161}},"s":{"0":2,"1":1,"2":1,"3":1,"4":0,"5":1,"6":1,"7":1,"8":1,"9":0,"10":0,"11":0,"12":0,"13":0,"14":0,"15":0,"16":0,"17":0,"18":0,"19":0,"20":1,"21":1,"22":1,"23":1,"24":1,"25":1,"26":1,"27":1,"28":1,"29":0,"30":0,"31":0,"32":0,"33":0,"34":0,"35":0,"36":0,"37":0,"38":0,"39":0,"40":0,"41":0,"42":0,"43":0,"44":0,"45":0,"46":0,"47":0,"48":0,"49":0,"50":0,"51":0,"52":0,"53":0,"54":0,"55":0,"56":0,"57":0,"58":0,"59":0,"60":1,"61":1,"62":1,"63":1,"64":1,"65":1,"66":0,"67":1,"68":0,"69":0,"70":0,"71":0,"72":1,"73":1,"74":0,"75":1,"76":1,"77":1,"78":0,"79":1,"80":0,"81":1,"82":1,"83":0,"84":1,"85":1,"86":0,"87":0,"88":0,"89":0,"90":0,"91":0},"f":{"0":2,"1":1,"2":0,"3":0,"4":0,"5":0,"6":0,"7":1,"8":1,"9":1,"10":1,"11":0,"12":0,"13":0,"14":0,"15":0,"16":0,"17":0,"18":0,"19":1,"20":0,"21":0,"22":0,"23":0,"24":0,"25":0,"26":0,"27":0},"b":{"0":[0,2],"1":[0],"2":[1,0],"3":[1,0],"4":[0,1],"5":[0,1],"6":[1,0],"7":[0,0],"8":[0,0],"9":[0,0],"10":[0,0]},"_coverageSchema":"1a1c01bbd47fc00a2c39e90264f33305004495a9","hash":"748d8cf39d7e63093230e45671d13d84bff5f40c"}
}
