TN:
SF:src/allow-newline.js
FN:1,(anonymous_0)
FNF:1
FNH:0
FNDA:0,(anonymous_0)
DA:2,0
DA:3,0
DA:5,0
LF:3
LH:0
BRDA:2,0,0,0
BRDA:2,0,1,0
BRF:2
BRH:0
end_of_record
TN:
SF:src/task.js
FN:2,(anonymous_0)
FNF:1
FNH:1
FNDA:1,(anonymous_0)
DA:3,1
DA:4,1
DA:5,1
LF:3
LH:3
BRDA:2,0,0,0
BRDA:2,1,0,1
BRF:2
BRH:1
end_of_record
TN:
SF:src/todo.js
FN:5,(anonymous_0)
FN:9,(anonymous_1)
FN:20,(anonymous_2)
FN:22,(anonymous_3)
FN:30,(anonymous_4)
FN:35,(anonymous_5)
FN:36,(anonymous_6)
FN:40,(anonymous_7)
FN:44,(anonymous_8)
FN:47,(anonymous_9)
FN:67,(anonymous_10)
FN:70,toggleCompleted
FN:77,toggleEditMode
FN:83,dragTask
FN:85,(anonymous_14)
FN:88,(anonymous_15)
FN:94,dropTask
FN:110,moveTask
FN:113,(anonymous_18)
FN:121,(anonymous_19)
FN:129,(anonymous_20)
FN:132,(anonymous_21)
FN:133,(anonymous_22)
FN:142,(anonymous_23)
FN:147,(anonymous_24)
FN:148,(anonymous_25)
FN:153,(anonymous_26)
FN:157,(anonymous_27)
FNF:28
FNH:7
FNDA:2,(anonymous_0)
FNDA:1,(anonymous_1)
FNDA:0,(anonymous_2)
FNDA:0,(anonymous_3)
FNDA:0,(anonymous_4)
FNDA:0,(anonymous_5)
FNDA:0,(anonymous_6)
FNDA:1,(anonymous_7)
FNDA:1,(anonymous_8)
FNDA:1,(anonymous_9)
FNDA:1,(anonymous_10)
FNDA:0,toggleCompleted
FNDA:0,toggleEditMode
FNDA:0,dragTask
FNDA:0,(anonymous_14)
FNDA:0,(anonymous_15)
FNDA:0,dropTask
FNDA:0,moveTask
FNDA:0,(anonymous_18)
FNDA:1,(anonymous_19)
FNDA:0,(anonymous_20)
FNDA:0,(anonymous_21)
FNDA:0,(anonymous_22)
FNDA:0,(anonymous_23)
FNDA:0,(anonymous_24)
FNDA:0,(anonymous_25)
FNDA:0,(anonymous_26)
FNDA:0,(anonymous_27)
DA:6,2
DA:10,1
DA:11,1
DA:12,1
DA:13,1
DA:14,1
DA:15,1
DA:16,1
DA:21,0
DA:22,0
DA:23,0
DA:24,0
DA:26,0
DA:27,0
DA:31,0
DA:32,0
DA:36,0
DA:37,0
DA:41,1
DA:45,1
DA:46,1
DA:47,1
DA:48,1
DA:57,1
DA:58,1
DA:64,1
DA:68,1
DA:71,0
DA:72,0
DA:73,0
DA:74,0
DA:78,0
DA:79,0
DA:80,0
DA:84,0
DA:85,0
DA:86,0
DA:88,0
DA:89,0
DA:95,0
DA:96,0
DA:97,0
DA:99,0
DA:100,0
DA:101,0
DA:102,0
DA:104,0
DA:105,0
DA:106,0
DA:111,0
DA:112,0
DA:113,0
DA:114,0
DA:115,0
DA:116,0
DA:117,0
DA:121,1
DA:123,1
DA:124,1
DA:125,1
DA:128,1
DA:129,1
DA:130,0
DA:132,1
DA:133,0
DA:134,0
DA:135,0
DA:136,0
DA:141,1
DA:142,1
DA:145,1
DA:146,1
DA:147,1
DA:148,1
DA:152,1
DA:153,1
DA:156,1
DA:157,1
DA:158,0
DA:159,0
DA:160,0
DA:161,0
DA:162,0
DA:164,0
LF:84
LH:34
BRDA:6,0,0,0
BRDA:6,0,1,2
BRDA:9,1,0,0
BRDA:11,2,0,1
BRDA:11,2,1,0
BRDA:11,3,0,1
BRDA:11,3,1,0
BRDA:12,4,0,0
BRDA:12,4,1,1
BRDA:51,5,0,0
BRDA:51,5,1,1
BRDA:57,6,0,1
BRDA:57,6,1,0
BRDA:101,7,0,0
BRDA:101,7,1,0
BRDA:116,8,0,0
BRDA:116,8,1,0
BRDA:116,9,0,0
BRDA:116,9,1,0
BRDA:161,10,0,0
BRDA:161,10,1,0
BRF:21
BRH:6
end_of_record
